2022-10-03 21:31:57 root         INFO     using plugin log file netatmo-weather.log
2022-10-03 21:31:57 urllib3.connectionpool DEBUG    Starting new HTTPS connection (1): api.netatmo.com:443
2022-10-03 21:31:57 urllib3.connectionpool DEBUG    https://api.netatmo.com:443 "POST /oauth2/token HTTP/1.1" 200 None
2022-10-03 21:31:57 root         INFO     Successfully got access data from https://api.netatmo.com/oauth2/token
2022-10-03 21:31:57 urllib3.connectionpool DEBUG    https://api.netatmo.com:443 "GET /api/getstationsdata?70:ee:50:00:50:5e HTTP/1.1" 200 None
2022-10-03 21:31:57 root         INFO     Daheim.Erdgeschoss.wifi_status=55
2022-10-03 21:31:57 root         INFO     Daheim.Erdgeschoss.reachable=1
2022-10-03 21:31:57 root         INFO     Daheim.Erdgeschoss.time_utc=434064317
2022-10-03 21:31:57 root         INFO     Daheim.Erdgeschoss.Temperature=24.4
2022-10-03 21:31:57 root         INFO     Daheim.Erdgeschoss.CO2=634
2022-10-03 21:31:57 root         INFO     Daheim.Erdgeschoss.Humidity=50
2022-10-03 21:31:57 root         INFO     Daheim.Erdgeschoss.Noise=45
2022-10-03 21:31:57 root         INFO     Daheim.Erdgeschoss.Pressure=1027.3
2022-10-03 21:31:57 root         INFO     Daheim.Erdgeschoss.AbsolutePressure=984.8
2022-10-03 21:31:57 root         INFO     Daheim.Erdgeschoss.min_temp=22.8
2022-10-03 21:31:57 root         INFO     Daheim.Erdgeschoss.max_temp=25
2022-10-03 21:31:57 root         INFO     Daheim.Erdgeschoss.date_max_temp=434061288
2022-10-03 21:31:57 root         INFO     Daheim.Erdgeschoss.date_min_temp=434013256
2022-10-03 21:31:57 root         INFO     Daheim.Erdgeschoss.temp_trend=-1
2022-10-03 21:31:57 root         INFO     Daheim.Erdgeschoss.pressure_trend=0
2022-10-03 21:31:57 root         INFO     Daheim.Draussen.battery_percent=56
2022-10-03 21:31:57 root         INFO     Daheim.Draussen.rf_status=79
2022-10-03 21:31:57 root         INFO     Daheim.Draussen.reachable=1
2022-10-03 21:31:57 root         INFO     Daheim.Draussen.time_utc=434064279
2022-10-03 21:31:57 root         INFO     Daheim.Draussen.Temperature=12.4
2022-10-03 21:31:57 root         INFO     Daheim.Draussen.Humidity=73
2022-10-03 21:31:57 root         INFO     Daheim.Draussen.min_temp=9.9
2022-10-03 21:31:57 root         INFO     Daheim.Draussen.max_temp=16.4
2022-10-03 21:31:57 root         INFO     Daheim.Draussen.date_max_temp=434040955
2022-10-03 21:31:57 root         INFO     Daheim.Draussen.date_min_temp=434011735
2022-10-03 21:31:57 root         INFO     Daheim.Draussen.temp_trend=0
2022-10-03 21:31:57 root         INFO     Daheim.Keller.battery_percent=51
2022-10-03 21:31:57 root         INFO     Daheim.Keller.rf_status=90
2022-10-03 21:31:57 root         INFO     Daheim.Keller.reachable=1
2022-10-03 21:31:57 root         INFO     Daheim.Keller.time_utc=434064311
2022-10-03 21:31:57 root         INFO     Daheim.Keller.Temperature=20.7
2022-10-03 21:31:57 root         INFO     Daheim.Keller.CO2=410
2022-10-03 21:31:57 root         INFO     Daheim.Keller.Humidity=64
2022-10-03 21:31:57 root         INFO     Daheim.Keller.min_temp=20.7
2022-10-03 21:31:57 root         INFO     Daheim.Keller.max_temp=21
2022-10-03 21:31:57 root         INFO     Daheim.Keller.date_max_temp=433987262
2022-10-03 21:31:57 root         INFO     Daheim.Keller.date_min_temp=434058518
2022-10-03 21:31:57 root         INFO     Daheim.Keller.temp_trend=0
